0 info it worked if it ends with ok
1 verbose cli [ '/Users/mkewls/.nvm/versions/node/v6.7.0/bin/node',
1 verbose cli   '/Users/mkewls/.nvm/versions/node/v6.7.0/bin/npm',
1 verbose cli   'install' ]
2 info using npm@3.10.3
3 info using node@v6.7.0
4 silly loadCurrentTree Starting
5 silly install loadCurrentTree
6 silly install readLocalPackageData
7 silly rollbackFailedOptional Starting
8 silly rollbackFailedOptional Finishing
9 silly runTopLevelLifecycles Starting
10 silly runTopLevelLifecycles Finishing
11 silly install printInstalled
12 verbose stack Error: Failed to parse json
12 verbose stack Unexpected token 's' at 64:6
12 verbose stack     "socket.io": "^1.7.0",
12 verbose stack      ^
12 verbose stack     at parseError (/Users/mkewls/.nvm/versions/node/v6.7.0/lib/node_modules/npm/node_modules/read-package-json/read-json.js:390:11)
12 verbose stack     at parseJson (/Users/mkewls/.nvm/versions/node/v6.7.0/lib/node_modules/npm/node_modules/read-package-json/read-json.js:79:23)
12 verbose stack     at /Users/mkewls/.nvm/versions/node/v6.7.0/lib/node_modules/npm/node_modules/read-package-json/read-json.js:48:5
12 verbose stack     at /Users/mkewls/.nvm/versions/node/v6.7.0/lib/node_modules/npm/node_modules/graceful-fs/graceful-fs.js:78:16
12 verbose stack     at tryToString (fs.js:455:3)
12 verbose stack     at FSReqWrap.readFileAfterClose [as oncomplete] (fs.js:442:12)
13 verbose cwd /Users/mkewls/Dropbox/Projects/Fullstack-Senior/steps
14 error Darwin 16.1.0
15 error argv "/Users/mkewls/.nvm/versions/node/v6.7.0/bin/node" "/Users/mkewls/.nvm/versions/node/v6.7.0/bin/npm" "install"
16 error node v6.7.0
17 error npm  v3.10.3
18 error file /Users/mkewls/Dropbox/Projects/Fullstack-Senior/steps/package.json
19 error code EJSONPARSE
20 error Failed to parse json
20 error Unexpected token 's' at 64:6
20 error     "socket.io": "^1.7.0",
20 error      ^
21 error File: /Users/mkewls/Dropbox/Projects/Fullstack-Senior/steps/package.json
22 error Failed to parse package.json data.
22 error package.json must be actual JSON, not just JavaScript.
22 error
22 error This is not a bug in npm.
22 error Tell the package author to fix their package.json file. JSON.parse
23 verbose exit [ 1, true ]
